
                         Lattice Mapping Report File

Design:  aes
Family:  iCE40UP
Device:  iCE40UP5K
Package: SG48
Performance Grade:  High-Performance_1.2V

Mapper:    version Radiant Software (64-bit) 2024.1.0.34.2
Mapped on: Wed Nov  6 14:57:48 2024

Design Information
------------------

Command line:   map -i lab7_df_impl_1_syn.udb -o lab7_df_impl_1_map.udb -mp
     lab7_df_impl_1.mrp -hierrpt -gui -msgset C:/Users/danie/OneDrive/Documents/
     MicroP/Lab7/fpga/radiant_project/lab7_df/promote.xml

Design Summary
--------------

   Number of slice registers:   9 out of  5280 (<1%)
   Number of I/O registers:      1 out of   117 (1%)
   Number of LUT4s:            21 out of  5280 (<1%)
      Number of logic LUT4s:              21
      Number of ripple logic:              0 (0 LUT4s)
   Number of IO sites used:   5 out of 39 (13%)
      Number of IO sites used for general PIO: 5
      Number of IO sites used for I3C: 0 out of 2 (0%)
      (note: If I3C is not used, its site can be used as general PIO)
      Number of IO sites used for PIO+I3C: 5 out of 36 (14%)
      Number of IO sites used for OD+RGB IO buffers: 0 out of 3 (0%)
      (note: If RGB LED drivers are not used, sites can be used as OD outputs,
       see TN1288 iCE40 LED Driver Usage Guide)
      Number of IO sites used for PIO+I3C+OD+RGB: 5 out of 39 (13%)
   Number of DSPs:             0 out of 8 (0%)
   Number of I2Cs:             0 out of 2 (0%)
   Number of High Speed OSCs:  0 out of 1 (0%)
   Number of Low Speed OSCs:   0 out of 1 (0%)
   Number of RGB PWM:          0 out of 1 (0%)
   Number of RGB Drivers:      0 out of 1 (0%)
   Number of SCL FILTERs:      0 out of 2 (0%)
   Number of SRAMs:            0 out of 4 (0%)
   Number of WARMBOOTs:        0 out of 1 (0%)
   Number of SPIs:             0 out of 2 (0%)
   Number of EBRs:             0 out of 30 (0%)
   Number of PLLs:             0 out of 1 (0%)
   Number of Clocks:  2
      Net clk_c: 8 loads, 8 rising, 0 falling (Driver: Port clk)
      Net sck_c: 2 loads, 1 rising, 1 falling (Driver: Port sck)
   Number of Clock Enables:  1
      Net core.mainfsm.n551: 4 loads, 4 SLICEs
   Number of LSRs:  3
      Net core.mainfsm.n549: 4 loads, 4 SLICEs
      Net core.mainfsm.n861: 1 loads, 1 SLICEs
      Net core.mainfsm.n786: 1 loads, 1 SLICEs
   Top 10 highest fanout non-clock nets:
      Net core.mainfsm.cycle[0]: 12 loads
      Net core.mainfsm.n778: 8 loads
      Net core.mainfsm.round[1]: 6 loads
      Net core.mainfsm.round[2]: 6 loads

                                    Page 1





Design Summary (cont)
---------------------
      Net core.mainfsm.n551: 5 loads
      Net core.mainfsm.round[0]: 5 loads
      Net core.mainfsm.round[3]: 5 loads
      Net core.mainfsm.cycle[1]: 4 loads
      Net core.mainfsm.n549: 4 loads
      Net core.mainfsm.cycle[2]: 3 loads





   Number of warnings:  2
   Number of criticals: 0
   Number of errors:    0

Design Errors/Criticals/Warnings
--------------------------------

WARNING <71003020> - map: Top module port 'sdi' does not connect to anything.
WARNING <71003020> - map: Top module port 'sdi' does not connect to anything.

IO (PIO) Attributes
-------------------

+---------------------+-----------+-----------+-------+-------+-----------+
| IO Name             | Direction | Levelmode |  IO   |  IO   | Special   |
|                     |           |  IO_TYPE  |  REG  |  DDR  | IO Buffer |
+---------------------+-----------+-----------+-------+-------+-----------+
| load                | INPUT     |           |       |       |           |
+---------------------+-----------+-----------+-------+-------+-----------+
| sck                 | INPUT     |           |       |       |           |
+---------------------+-----------+-----------+-------+-------+-----------+
| clk                 | INPUT     |           |       |       |           |
+---------------------+-----------+-----------+-------+-------+-----------+
| done                | OUTPUT    |           |       |       |           |
+---------------------+-----------+-----------+-------+-------+-----------+
| sdo                 | OUTPUT    |           | O     |       |           |
+---------------------+-----------+-----------+-------+-------+-----------+

Removed logic
-------------

Block spi/i10_1_lut was optimized away.
Block done_pad.vhi_inst was optimized away.

ASIC Components
---------------

Instance Name: spi/sdodelayed
         Type: IOLOGIC

Constraint Summary
------------------

   Total number of constraints: 0
   Total number of constraints dropped: 0



                                    Page 2





Run Time and Memory Usage
-------------------------

   Total CPU Time: 1 secs
   Total REAL Time: 0 secs
   Peak Memory Usage: 61 MB
Checksum -- map: 4f8a3cd4f42abe75fc7bbe49c47fc0918d9cf9b





















































                                    Page 3


Copyright (c) 1991-1994 by NeoCAD Inc. All rights reserved.
Copyright (c) 1995
     AT&T Corp.   All rights reserved.
Copyright (c) 1995-2001 Lucent
     Technologies Inc.  All rights reserved.
Copyright (c) 2001 Agere Systems
     All rights reserved.
Copyright (c) 2002-2024 Lattice Semiconductor
     Corporation,  All rights reserved.
